        -:    0:Source:dominion.c
        -:    0:Graph:dominion.gcno
        -:    0:Data:dominion.gcda
        -:    0:Runs:3
        -:    0:Programs:1
        -:    1://assignment 2
        -:    2:
        -:    3:#include "dominion.h"
        -:    4:#include "dominion_helpers.h"
        -:    5:#include "rngs.h"
        -:    6:#include <stdio.h>
        -:    7:#include <math.h>
        -:    8:#include <stdlib.h>
        -:    9:
function compare called 2856 returned 100% blocks executed 85%
        -:   10:int compare(const void *a, const void *b)
        -:   11:{
     2856:   12:    if (*(int *)a > *(int *)b)
branch  0 taken 0%
branch  1 taken 100%
    #####:   13:        return 1;
     2856:   14:    if (*(int *)a < *(int *)b)
branch  0 taken 36%
branch  1 taken 64%
     1020:   15:        return -1;
     1836:   16:    return 0;
     2856:   17:}
        -:   18:
function newGame called 0 returned 0% blocks executed 0%
        -:   19:struct gameState *newGame()
        -:   20:{
    #####:   21:    struct gameState *g = malloc(sizeof(struct gameState));
    #####:   22:    return g;
        -:   23:}
        -:   24:
function kingdomCards called 0 returned 0% blocks executed 0%
        -:   25:int *kingdomCards(int k1, int k2, int k3, int k4, int k5, int k6, int k7,
        -:   26:                  int k8, int k9, int k10)
        -:   27:{
    #####:   28:    int *k = malloc(10 * sizeof(int));
    #####:   29:    k[0] = k1;
    #####:   30:    k[1] = k2;
    #####:   31:    k[2] = k3;
    #####:   32:    k[3] = k4;
    #####:   33:    k[4] = k5;
    #####:   34:    k[5] = k6;
    #####:   35:    k[6] = k7;
    #####:   36:    k[7] = k8;
    #####:   37:    k[8] = k9;
    #####:   38:    k[9] = k10;
    #####:   39:    return k;
        -:   40:}
        -:   41:
function initializeGame called 102 returned 100% blocks executed 87%
        -:   42:int initializeGame(int numPlayers, int kingdomCards[10], int randomSeed,
        -:   43:                   struct gameState *state)
        -:   44:{
        -:   45:    int i;
        -:   46:    int j;
        -:   47:    int it;
        -:   48:
        -:   49:    //set up random number generator
      102:   50:    SelectStream(1);
      102:   51:    PutSeed((long)randomSeed);
        -:   52:
        -:   53:    //check number of players
      204:   54:    if (numPlayers > MAX_PLAYERS || numPlayers < 2)
branch  0 taken 100%
branch  1 taken 0%
branch  2 taken 0%
branch  3 taken 100%
        -:   55:    {
    #####:   56:        return -1;
        -:   57:    }
        -:   58:
        -:   59:    //set number of players
      102:   60:    state->numPlayers = numPlayers;
        -:   61:
        -:   62:    //check selected kingdom cards are different
     2244:   63:    for (i = 0; i < 10; i++)
branch  0 taken 91%
branch  1 taken 9%
        -:   64:    {
    22440:   65:        for (j = 0; j < 10; j++)
branch  0 taken 91%
branch  1 taken 9%
        -:   66:        {
    19380:   67:            if (j != i && kingdomCards[j] == kingdomCards[i])
branch  0 taken 90%
branch  1 taken 10%
branch  2 taken 0%
branch  3 taken 100%
        -:   68:            {
    #####:   69:                return -1;
        -:   70:            }
    10200:   71:        }
     1020:   72:    }
        -:   73:
        -:   74:    //initialize supply
        -:   75:    ///////////////////////////////
        -:   76:
        -:   77:    //set number of Curse cards
      102:   78:    if (numPlayers == 2)
branch  0 taken 100%
branch  1 taken 0%
        -:   79:    {
      102:   80:        state->supplyCount[curse] = 10;
      102:   81:    }
    #####:   82:    else if (numPlayers == 3)
branch  0 never executed
branch  1 never executed
        -:   83:    {
    #####:   84:        state->supplyCount[curse] = 20;
    #####:   85:    }
        -:   86:    else
        -:   87:    {
    #####:   88:        state->supplyCount[curse] = 30;
        -:   89:    }
        -:   90:
        -:   91:    //set number of Victory cards
      102:   92:    if (numPlayers == 2)
branch  0 taken 100%
branch  1 taken 0%
        -:   93:    {
      102:   94:        state->supplyCount[estate] = 8;
      102:   95:        state->supplyCount[duchy] = 8;
      102:   96:        state->supplyCount[province] = 8;
      102:   97:    }
        -:   98:    else
        -:   99:    {
    #####:  100:        state->supplyCount[estate] = 12;
    #####:  101:        state->supplyCount[duchy] = 12;
    #####:  102:        state->supplyCount[province] = 12;
        -:  103:    }
        -:  104:
        -:  105:    //set number of Treasure cards
      102:  106:    state->supplyCount[copper] = 60 - (7 * numPlayers);
      102:  107:    state->supplyCount[silver] = 40;
      102:  108:    state->supplyCount[gold] = 30;
        -:  109:
        -:  110:    //set number of Kingdom cards
     4284:  111:    for (i = adventurer; i <= treasure_map; i++) //loop all cards
branch  0 taken 95%
branch  1 taken 5%
        -:  112:    {
    37422:  113:        for (j = 0; j < 10; j++) //loop chosen cards
branch  0 taken 93%
branch  1 taken 7%
        -:  114:        {
    17493:  115:            if (kingdomCards[j] == i)
branch  0 taken 5%
branch  1 taken 95%
        -:  116:            {
        -:  117:                //check if card is a 'Victory' Kingdom card
     1644:  118:                if (kingdomCards[j] == great_hall || kingdomCards[j] == gardens)
branch  0 taken 100%
branch  1 taken 0%
branch  2 taken 1%
branch  3 taken 99%
        -:  119:                {
        3:  120:                    if (numPlayers == 2)
branch  0 taken 100%
branch  1 taken 0%
        -:  121:                    {
        3:  122:                        state->supplyCount[i] = 8;
        3:  123:                    }
        -:  124:                    else
        -:  125:                    {
    #####:  126:                        state->supplyCount[i] = 12;
        -:  127:                    }
        3:  128:                }
        -:  129:                else
        -:  130:                {
      819:  131:                    state->supplyCount[i] = 10;
        -:  132:                }
      822:  133:                break;
        -:  134:            }
        -:  135:            else //card is not in the set choosen for the game
        -:  136:            {
    16671:  137:                state->supplyCount[i] = -1;
        -:  138:            }
    16671:  139:        }
     2040:  140:    }
        -:  141:
        -:  142:    ////////////////////////
        -:  143:    //supply intilization complete
        -:  144:
        -:  145:    //set player decks
      612:  146:    for (i = 0; i < numPlayers; i++)
branch  0 taken 67%
branch  1 taken 33%
        -:  147:    {
      204:  148:        state->deckCount[i] = 0;
     1632:  149:        for (j = 0; j < 3; j++)
branch  0 taken 75%
branch  1 taken 25%
        -:  150:        {
      612:  151:            state->deck[i][j] = estate;
      612:  152:            state->deckCount[i]++;
      612:  153:        }
     3264:  154:        for (j = 3; j < 10; j++)
branch  0 taken 88%
branch  1 taken 13%
        -:  155:        {
     1428:  156:            state->deck[i][j] = copper;
     1428:  157:            state->deckCount[i]++;
     1428:  158:        }
      204:  159:    }
        -:  160:
        -:  161:    //shuffle player decks
      612:  162:    for (i = 0; i < numPlayers; i++)
branch  0 taken 67%
branch  1 taken 33%
        -:  163:    {
      204:  164:        if (shuffle(i, state) < 0)
branch  0 taken 0%
branch  1 taken 100%
        -:  165:        {
    #####:  166:            return -1;
        -:  167:        }
      204:  168:    }
        -:  169:
        -:  170:    //draw player hands
      612:  171:    for (i = 0; i < numPlayers; i++)
branch  0 taken 67%
branch  1 taken 33%
        -:  172:    {
        -:  173:        //initialize hand size to zero
      204:  174:        state->handCount[i] = 0;
      204:  175:        state->discardCount[i] = 0;
        -:  176:        //draw 5 cards
        -:  177:        // for (j = 0; j < 5; j++)
        -:  178:        //	{
        -:  179:        //	  drawCard(i, state);
        -:  180:        //	}
      204:  181:    }
        -:  182:
        -:  183:    //set embargo tokens to 0 for all supply piles
     5712:  184:    for (i = 0; i <= treasure_map; i++)
branch  0 taken 96%
branch  1 taken 4%
        -:  185:    {
     2754:  186:        state->embargoTokens[i] = 0;
     2754:  187:    }
        -:  188:
        -:  189:    //initialize first player's turn
      102:  190:    state->outpostPlayed = 0;
      102:  191:    state->phase = 0;
      102:  192:    state->numActions = 1;
      102:  193:    state->numBuys = 1;
      102:  194:    state->playedCardCount = 0;
      102:  195:    state->whoseTurn = 0;
      102:  196:    state->handCount[state->whoseTurn] = 0;
      102:  197:    state->thrashPileCount = 0;
        -:  198:    //int it; move to top
        -:  199:
        -:  200:    //Moved draw cards to here, only drawing at the start of a turn
     1224:  201:    for (it = 0; it < 5; it++)
branch  0 taken 83%
branch  1 taken 17%
        -:  202:    {
      510:  203:        drawCard(state->whoseTurn, state);
      510:  204:    }
        -:  205:
      102:  206:    updateCoins(state->whoseTurn, state, 0);
        -:  207:
      102:  208:    return 0;
      102:  209:}
        -:  210:
function shuffle called 204 returned 100% blocks executed 93%
        -:  211:int shuffle(int player, struct gameState *state)
        -:  212:{
        -:  213:
        -:  214:    int newDeck[MAX_DECK];
      204:  215:    int newDeckPos = 0;
        -:  216:    int card;
        -:  217:    int i;
        -:  218:
      204:  219:    if (state->deckCount[player] < 1)
branch  0 taken 0%
branch  1 taken 100%
    #####:  220:        return -1;
      204:  221:    qsort((void *)(state->deck[player]), state->deckCount[player], sizeof(int), compare);
        -:  222:    /* SORT CARDS IN DECK TO ENSURE DETERMINISM! */
        -:  223:
     4488:  224:    while (state->deckCount[player] > 0)
branch  0 taken 91%
branch  1 taken 9%
        -:  225:    {
     2040:  226:        card = floor(Random() * state->deckCount[player]);
     2040:  227:        newDeck[newDeckPos] = state->deck[player][card];
     2040:  228:        newDeckPos++;
    15708:  229:        for (i = card; i < state->deckCount[player] - 1; i++)
branch  0 taken 74%
branch  1 taken 26%
        -:  230:        {
     5814:  231:            state->deck[player][i] = state->deck[player][i + 1];
     5814:  232:        }
     2040:  233:        state->deckCount[player]--;
        -:  234:    }
     4488:  235:    for (i = 0; i < newDeckPos; i++)
branch  0 taken 91%
branch  1 taken 9%
        -:  236:    {
     2040:  237:        state->deck[player][i] = newDeck[i];
     2040:  238:        state->deckCount[player]++;
     2040:  239:    }
        -:  240:
      204:  241:    return 0;
      204:  242:}
        -:  243:
function playCard called 0 returned 0% blocks executed 0%
        -:  244:int playCard(int handPos, int choice1, int choice2, int choice3, struct gameState *state)
        -:  245:{
        -:  246:    int card;
    #####:  247:    int coin_bonus = 0; //tracks coins gain from actions
        -:  248:
        -:  249:    //check if it is the right phase
    #####:  250:    if (state->phase != 0)
branch  0 never executed
branch  1 never executed
        -:  251:    {
    #####:  252:        return -1;
        -:  253:    }
        -:  254:
        -:  255:    //check if player has enough actions
    #####:  256:    if (state->numActions < 1)
branch  0 never executed
branch  1 never executed
        -:  257:    {
    #####:  258:        return -1;
        -:  259:    }
        -:  260:
        -:  261:    //get card played
    #####:  262:    card = handCard(handPos, state);
        -:  263:
        -:  264:    //check if selected card is an action
    #####:  265:    if (card < adventurer || card > treasure_map)
branch  0 never executed
branch  1 never executed
branch  2 never executed
branch  3 never executed
        -:  266:    {
    #####:  267:        return -1;
        -:  268:    }
        -:  269:
        -:  270:    //play card
    #####:  271:    if (cardEffect(card, choice1, choice2, choice3, state, handPos, &coin_bonus) < 0)
branch  0 never executed
branch  1 never executed
        -:  272:    {
    #####:  273:        return -1;
        -:  274:    }
        -:  275:
        -:  276:    //reduce number of actions
    #####:  277:    state->numActions--;
        -:  278:
        -:  279:    //update coins (Treasure cards may be added with card draws)
    #####:  280:    updateCoins(state->whoseTurn, state, coin_bonus);
        -:  281:
    #####:  282:    return 0;
    #####:  283:}
        -:  284:
function buyCard called 0 returned 0% blocks executed 0%
        -:  285:int buyCard(int supplyPos, struct gameState *state)
        -:  286:{
        -:  287:    int who;
        -:  288:    if (DEBUG)
        -:  289:    {
        -:  290:        printf("Entering buyCard...\n");
        -:  291:    }
        -:  292:
        -:  293:    // I don't know what to do about the phase thing.
        -:  294:
    #####:  295:    who = state->whoseTurn;
        -:  296:
    #####:  297:    if (state->numBuys < 1)
branch  0 never executed
branch  1 never executed
        -:  298:    {
        -:  299:        if (DEBUG)
        -:  300:            printf("You do not have any buys left\n");
    #####:  301:        return -1;
        -:  302:    }
    #####:  303:    else if (supplyCount(supplyPos, state) < 1)
branch  0 never executed
branch  1 never executed
        -:  304:    {
        -:  305:        if (DEBUG)
        -:  306:            printf("There are not any of that type of card left\n");
    #####:  307:        return -1;
        -:  308:    }
    #####:  309:    else if (state->coins < getCost(supplyPos))
branch  0 never executed
branch  1 never executed
        -:  310:    {
        -:  311:        if (DEBUG)
        -:  312:            printf("You do not have enough money to buy that. You have %d coins.\n", state->coins);
    #####:  313:        return -1;
        -:  314:    }
        -:  315:    else
        -:  316:    {
    #####:  317:        state->phase = 1;
        -:  318:        //state->supplyCount[supplyPos]--;
    #####:  319:        gainCard(supplyPos, state, 0, who); //card goes in discard, this might be wrong.. (2 means goes into hand, 0 goes into discard)
        -:  320:
    #####:  321:        state->coins = (state->coins) - (getCost(supplyPos));
    #####:  322:        state->numBuys--;
        -:  323:        if (DEBUG)
        -:  324:            printf("You bought card number %d for %d coins. You now have %d buys and %d coins.\n", supplyPos, getCost(supplyPos), state->numBuys, state->coins);
        -:  325:    }
        -:  326:
        -:  327:    //state->discard[who][state->discardCount[who]] = supplyPos;
        -:  328:    //state->discardCount[who]++;
        -:  329:
    #####:  330:    return 0;
    #####:  331:}
        -:  332:
function numHandCards called 51091 returned 100% blocks executed 100%
        -:  333:int numHandCards(struct gameState *state)
        -:  334:{
    51091:  335:    return state->handCount[whoseTurn(state)];
        -:  336:}
        -:  337:
function handCard called 0 returned 0% blocks executed 0%
        -:  338:int handCard(int handPos, struct gameState *state)
        -:  339:{
    #####:  340:    int currentPlayer = whoseTurn(state);
    #####:  341:    return state->hand[currentPlayer][handPos];
        -:  342:}
        -:  343:
function supplyCount called 346 returned 100% blocks executed 100%
        -:  344:int supplyCount(int card, struct gameState *state)
        -:  345:{
      346:  346:    return state->supplyCount[card];
        -:  347:}
        -:  348:
function fullDeckCount called 0 returned 0% blocks executed 0%
        -:  349:int fullDeckCount(int player, int card, struct gameState *state)
        -:  350:{
        -:  351:    int i;
    #####:  352:    int count = 0;
        -:  353:
    #####:  354:    for (i = 0; i < state->deckCount[player]; i++)
branch  0 never executed
branch  1 never executed
        -:  355:    {
    #####:  356:        if (state->deck[player][i] == card)
branch  0 never executed
branch  1 never executed
    #####:  357:            count++;
    #####:  358:    }
        -:  359:
    #####:  360:    for (i = 0; i < state->handCount[player]; i++)
branch  0 never executed
branch  1 never executed
        -:  361:    {
    #####:  362:        if (state->hand[player][i] == card)
branch  0 never executed
branch  1 never executed
    #####:  363:            count++;
    #####:  364:    }
        -:  365:
    #####:  366:    for (i = 0; i < state->discardCount[player]; i++)
branch  0 never executed
branch  1 never executed
        -:  367:    {
    #####:  368:        if (state->discard[player][i] == card)
branch  0 never executed
branch  1 never executed
    #####:  369:            count++;
    #####:  370:    }
        -:  371:
    #####:  372:    return count;
        -:  373:}
        -:  374:
function whoseTurn called 51091 returned 100% blocks executed 100%
        -:  375:int whoseTurn(struct gameState *state)
        -:  376:{
    51091:  377:    return state->whoseTurn;
        -:  378:}
        -:  379:
function endTurn called 0 returned 0% blocks executed 0%
        -:  380:int endTurn(struct gameState *state)
        -:  381:{
        -:  382:    int k;
        -:  383:    int i;
    #####:  384:    int currentPlayer = whoseTurn(state);
        -:  385:
        -:  386:    //Discard hand
    #####:  387:    for (i = 0; i < state->handCount[currentPlayer]; i++)
branch  0 never executed
branch  1 never executed
        -:  388:    {
    #####:  389:        state->discard[currentPlayer][state->discardCount[currentPlayer]++] = state->hand[currentPlayer][i]; //Discard
    #####:  390:        state->hand[currentPlayer][i] = -1;                                                                  //Set card to -1
    #####:  391:    }
    #####:  392:    state->handCount[currentPlayer] = 0; //Reset hand count
        -:  393:
        -:  394:    //Code for determining the player
    #####:  395:    if (currentPlayer < (state->numPlayers - 1))
branch  0 never executed
branch  1 never executed
        -:  396:    {
    #####:  397:        state->whoseTurn = currentPlayer + 1; //Still safe to increment
    #####:  398:    }
        -:  399:    else
        -:  400:    {
    #####:  401:        state->whoseTurn = 0; //Max player has been reached, loop back around to player 1
        -:  402:    }
        -:  403:
    #####:  404:    state->outpostPlayed = 0;
    #####:  405:    state->phase = 0;
    #####:  406:    state->numActions = 1;
    #####:  407:    state->coins = 0;
    #####:  408:    state->numBuys = 1;
    #####:  409:    state->playedCardCount = 0;
    #####:  410:    state->handCount[state->whoseTurn] = 0;
        -:  411:
        -:  412:    //int k; move to top
        -:  413:    //Next player draws hand
    #####:  414:    for (k = 0; k < 5; k++)
branch  0 never executed
branch  1 never executed
        -:  415:    {
    #####:  416:        drawCard(state->whoseTurn, state); //Draw a card
    #####:  417:    }
        -:  418:
        -:  419:    //Update money
    #####:  420:    updateCoins(state->whoseTurn, state, 0);
        -:  421:
    #####:  422:    return 0;
        -:  423:}
        -:  424:
function isGameOver called 3 returned 100% blocks executed 84%
        -:  425:int isGameOver(struct gameState *state)
        -:  426:{
        -:  427:    int i;
        -:  428:    int j;
        -:  429:
        -:  430:    //if stack of Province cards is empty, the game ends
        3:  431:    if (state->supplyCount[province] == 0)
branch  0 taken 0%
branch  1 taken 100%
        -:  432:    {
    #####:  433:        return 1;
        -:  434:    }
        -:  435:
        -:  436:    //if three supply pile are at 0, the game ends
        3:  437:    j = 0;
      156:  438:    for (i = 0; i < 25; i++)
branch  0 taken 96%
branch  1 taken 4%
        -:  439:    {
       75:  440:        if (state->supplyCount[i] == 0)
branch  0 taken 4%
branch  1 taken 96%
        -:  441:        {
        3:  442:            j++;
        3:  443:        }
       75:  444:    }
        3:  445:    if (j >= 3)
branch  0 taken 0%
branch  1 taken 100%
        -:  446:    {
    #####:  447:        return 1;
        -:  448:    }
        -:  449:
        3:  450:    return 0;
        3:  451:}
        -:  452:
function scoreFor called 0 returned 0% blocks executed 0%
        -:  453:int scoreFor(int player, struct gameState *state)
        -:  454:{
        -:  455:
        -:  456:    int i;
    #####:  457:    int score = 0;
        -:  458:    //score from hand
    #####:  459:    for (i = 0; i < state->handCount[player]; i++)
branch  0 never executed
branch  1 never executed
        -:  460:    {
    #####:  461:        if (state->hand[player][i] == curse)
branch  0 never executed
branch  1 never executed
        -:  462:        {
    #####:  463:            score = score - 1;
    #####:  464:        };
    #####:  465:        if (state->hand[player][i] == estate)
branch  0 never executed
branch  1 never executed
        -:  466:        {
    #####:  467:            score = score + 1;
    #####:  468:        };
    #####:  469:        if (state->hand[player][i] == duchy)
branch  0 never executed
branch  1 never executed
        -:  470:        {
    #####:  471:            score = score + 3;
    #####:  472:        };
    #####:  473:        if (state->hand[player][i] == province)
branch  0 never executed
branch  1 never executed
        -:  474:        {
    #####:  475:            score = score + 6;
    #####:  476:        };
    #####:  477:        if (state->hand[player][i] == great_hall)
branch  0 never executed
branch  1 never executed
        -:  478:        {
    #####:  479:            score = score + 1;
    #####:  480:        };
    #####:  481:        if (state->hand[player][i] == gardens)
branch  0 never executed
branch  1 never executed
        -:  482:        {
    #####:  483:            score = score + (fullDeckCount(player, 0, state) / 10);
    #####:  484:        };
    #####:  485:    }
        -:  486:
        -:  487:    //score from discard
    #####:  488:    for (i = 0; i < state->discardCount[player]; i++)
branch  0 never executed
branch  1 never executed
        -:  489:    {
    #####:  490:        if (state->discard[player][i] == curse)
branch  0 never executed
branch  1 never executed
        -:  491:        {
    #####:  492:            score = score - 1;
    #####:  493:        };
    #####:  494:        if (state->discard[player][i] == estate)
branch  0 never executed
branch  1 never executed
        -:  495:        {
    #####:  496:            score = score + 1;
    #####:  497:        };
    #####:  498:        if (state->discard[player][i] == duchy)
branch  0 never executed
branch  1 never executed
        -:  499:        {
    #####:  500:            score = score + 3;
    #####:  501:        };
    #####:  502:        if (state->discard[player][i] == province)
branch  0 never executed
branch  1 never executed
        -:  503:        {
    #####:  504:            score = score + 6;
    #####:  505:        };
    #####:  506:        if (state->discard[player][i] == great_hall)
branch  0 never executed
branch  1 never executed
        -:  507:        {
    #####:  508:            score = score + 1;
    #####:  509:        };
    #####:  510:        if (state->discard[player][i] == gardens)
branch  0 never executed
branch  1 never executed
        -:  511:        {
    #####:  512:            score = score + (fullDeckCount(player, 0, state) / 10);
    #####:  513:        };
    #####:  514:    }
        -:  515:
        -:  516:    //score from deck
    #####:  517:    for (i = 0; i < state->discardCount[player]; i++)
branch  0 never executed
branch  1 never executed
        -:  518:    {
    #####:  519:        if (state->deck[player][i] == curse)
branch  0 never executed
branch  1 never executed
        -:  520:        {
    #####:  521:            score = score - 1;
    #####:  522:        };
    #####:  523:        if (state->deck[player][i] == estate)
branch  0 never executed
branch  1 never executed
        -:  524:        {
    #####:  525:            score = score + 1;
    #####:  526:        };
    #####:  527:        if (state->deck[player][i] == duchy)
branch  0 never executed
branch  1 never executed
        -:  528:        {
    #####:  529:            score = score + 3;
    #####:  530:        };
    #####:  531:        if (state->deck[player][i] == province)
branch  0 never executed
branch  1 never executed
        -:  532:        {
    #####:  533:            score = score + 6;
    #####:  534:        };
    #####:  535:        if (state->deck[player][i] == great_hall)
branch  0 never executed
branch  1 never executed
        -:  536:        {
    #####:  537:            score = score + 1;
    #####:  538:        };
    #####:  539:        if (state->deck[player][i] == gardens)
branch  0 never executed
branch  1 never executed
        -:  540:        {
    #####:  541:            score = score + (fullDeckCount(player, 0, state) / 10);
    #####:  542:        };
    #####:  543:    }
        -:  544:
    #####:  545:    return score;
        -:  546:}
        -:  547:
function getWinners called 0 returned 0% blocks executed 0%
        -:  548:int getWinners(int players[MAX_PLAYERS], struct gameState *state)
        -:  549:{
        -:  550:    int i;
        -:  551:    int j;
        -:  552:    int highScore;
        -:  553:    int currentPlayer;
        -:  554:
        -:  555:    //get score for each player
    #####:  556:    for (i = 0; i < MAX_PLAYERS; i++)
branch  0 never executed
branch  1 never executed
        -:  557:    {
        -:  558:        //set unused player scores to -9999
    #####:  559:        if (i >= state->numPlayers)
branch  0 never executed
branch  1 never executed
        -:  560:        {
    #####:  561:            players[i] = -9999;
    #####:  562:        }
        -:  563:        else
        -:  564:        {
    #####:  565:            players[i] = scoreFor(i, state);
        -:  566:        }
    #####:  567:    }
        -:  568:
        -:  569:    //find highest score
    #####:  570:    j = 0;
    #####:  571:    for (i = 0; i < MAX_PLAYERS; i++)
branch  0 never executed
branch  1 never executed
        -:  572:    {
    #####:  573:        if (players[i] > players[j])
branch  0 never executed
branch  1 never executed
        -:  574:        {
    #####:  575:            j = i;
    #####:  576:        }
    #####:  577:    }
    #####:  578:    highScore = players[j];
        -:  579:
        -:  580:    //add 1 to players who had less turns
    #####:  581:    currentPlayer = whoseTurn(state);
    #####:  582:    for (i = 0; i < MAX_PLAYERS; i++)
branch  0 never executed
branch  1 never executed
        -:  583:    {
    #####:  584:        if (players[i] == highScore && i > currentPlayer)
branch  0 never executed
branch  1 never executed
branch  2 never executed
branch  3 never executed
        -:  585:        {
    #####:  586:            players[i]++;
    #####:  587:        }
    #####:  588:    }
        -:  589:
        -:  590:    //find new highest score
    #####:  591:    j = 0;
    #####:  592:    for (i = 0; i < MAX_PLAYERS; i++)
branch  0 never executed
branch  1 never executed
        -:  593:    {
    #####:  594:        if (players[i] > players[j])
branch  0 never executed
branch  1 never executed
        -:  595:        {
    #####:  596:            j = i;
    #####:  597:        }
    #####:  598:    }
    #####:  599:    highScore = players[j];
        -:  600:
        -:  601:    //set winners in array to 1 and rest to 0
    #####:  602:    for (i = 0; i < MAX_PLAYERS; i++)
branch  0 never executed
branch  1 never executed
        -:  603:    {
    #####:  604:        if (players[i] == highScore)
branch  0 never executed
branch  1 never executed
        -:  605:        {
    #####:  606:            players[i] = 1;
    #####:  607:        }
        -:  608:        else
        -:  609:        {
    #####:  610:            players[i] = 0;
        -:  611:        }
    #####:  612:    }
        -:  613:
    #####:  614:    return 0;
        -:  615:}
        -:  616:
function drawCard called 2210 returned 100% blocks executed 41%
        -:  617:int drawCard(int player, struct gameState *state)
        -:  618:{
        -:  619:    int count;
        -:  620:    int deckCounter;
     2210:  621:    if (state->deckCount[player] <= 0)
branch  0 taken 0%
branch  1 taken 100%
        -:  622:    { //Deck is empty
        -:  623:
        -:  624:        //Step 1 Shuffle the discard pile back into a deck
        -:  625:        int i;
        -:  626:        //Move discard to deck
    #####:  627:        for (i = 0; i < state->discardCount[player]; i++)
branch  0 never executed
branch  1 never executed
        -:  628:        {
    #####:  629:            state->deck[player][i] = state->discard[player][i];
    #####:  630:            state->discard[player][i] = -1;
    #####:  631:        }
        -:  632:
    #####:  633:        state->deckCount[player] = state->discardCount[player];
    #####:  634:        state->discardCount[player] = 0; //Reset discard
        -:  635:
        -:  636:        //Shufffle the deck
    #####:  637:        shuffle(player, state); //Shuffle the deck up and make it so that we can draw
        -:  638:
        -:  639:        if (DEBUG)
        -:  640:        { //Debug statements
        -:  641:            printf("Deck count now: %d\n", state->deckCount[player]);
        -:  642:        }
        -:  643:
    #####:  644:        state->discardCount[player] = 0;
        -:  645:
        -:  646:        //Step 2 Draw Card
    #####:  647:        count = state->handCount[player]; //Get current player's hand count
        -:  648:
        -:  649:        if (DEBUG)
        -:  650:        { //Debug statements
        -:  651:            printf("Current hand count: %d\n", count);
        -:  652:        }
        -:  653:
    #####:  654:        deckCounter = state->deckCount[player]; //Create a holder for the deck count
        -:  655:
    #####:  656:        if (deckCounter == 0)
branch  0 never executed
branch  1 never executed
    #####:  657:            return -1;
        -:  658:
    #####:  659:        state->hand[player][count] = state->deck[player][deckCounter - 1]; //Add card to hand
    #####:  660:        state->deckCount[player]--;
    #####:  661:        state->handCount[player]++; //Increment hand count
    #####:  662:    }
        -:  663:
        -:  664:    else
        -:  665:    {
     2210:  666:        int count = state->handCount[player]; //Get current hand count for player
        -:  667:        int deckCounter;
        -:  668:        if (DEBUG)
        -:  669:        { //Debug statements
        -:  670:            printf("Current hand count: %d\n", count);
        -:  671:        }
        -:  672:
     2210:  673:        deckCounter = state->deckCount[player];                            //Create holder for the deck count
     2210:  674:        state->hand[player][count] = state->deck[player][deckCounter - 1]; //Add card to the hand
     2210:  675:        state->deckCount[player]--;
     2210:  676:        state->handCount[player]++; //Increment hand count
        -:  677:    }
        -:  678:
     2210:  679:    return 0;
     2210:  680:}
        -:  681:
function getCost called 0 returned 0% blocks executed 0%
        -:  682:int getCost(int cardNumber)
        -:  683:{
    #####:  684:    switch (cardNumber)
branch  0 never executed
branch  1 never executed
branch  2 never executed
branch  3 never executed
branch  4 never executed
branch  5 never executed
branch  6 never executed
branch  7 never executed
branch  8 never executed
branch  9 never executed
branch 10 never executed
branch 11 never executed
branch 12 never executed
branch 13 never executed
branch 14 never executed
branch 15 never executed
branch 16 never executed
branch 17 never executed
branch 18 never executed
branch 19 never executed
branch 20 never executed
branch 21 never executed
branch 22 never executed
branch 23 never executed
branch 24 never executed
branch 25 never executed
branch 26 never executed
branch 27 never executed
        -:  685:    {
        -:  686:    case curse:
    #####:  687:        return 0;
        -:  688:    case estate:
    #####:  689:        return 2;
        -:  690:    case duchy:
    #####:  691:        return 5;
        -:  692:    case province:
    #####:  693:        return 8;
        -:  694:    case copper:
    #####:  695:        return 0;
        -:  696:    case silver:
    #####:  697:        return 3;
        -:  698:    case gold:
    #####:  699:        return 6;
        -:  700:    case adventurer:
    #####:  701:        return 6;
        -:  702:    case council_room:
    #####:  703:        return 5;
        -:  704:    case feast:
    #####:  705:        return 4;
        -:  706:    case gardens:
    #####:  707:        return 4;
        -:  708:    case mine:
    #####:  709:        return 5;
        -:  710:    case remodel:
    #####:  711:        return 4;
        -:  712:    case smithy:
    #####:  713:        return 4;
        -:  714:    case village:
    #####:  715:        return 3;
        -:  716:    case baron:
    #####:  717:        return 4;
        -:  718:    case great_hall:
    #####:  719:        return 3;
        -:  720:    case minion:
    #####:  721:        return 5;
        -:  722:    case steward:
    #####:  723:        return 3;
        -:  724:    case tribute:
    #####:  725:        return 5;
        -:  726:    case ambassador:
    #####:  727:        return 3;
        -:  728:    case cutpurse:
    #####:  729:        return 4;
        -:  730:    case embargo:
    #####:  731:        return 2;
        -:  732:    case outpost:
    #####:  733:        return 5;
        -:  734:    case salvager:
    #####:  735:        return 4;
        -:  736:    case sea_hag:
    #####:  737:        return 4;
        -:  738:    case treasure_map:
    #####:  739:        return 4;
        -:  740:    }
        -:  741:
    #####:  742:    return -1;
    #####:  743:}
        -:  744:
function playBaron called 300 returned 100% blocks executed 100%
        -:  745:int playBaron(int handPos, int choice1, struct gameState *state, int currentPlayer, int bonus)
        -:  746:{
      300:  747:    state->numBuys++; //Increase buys by 1!
      300:  748:    printf("Baron action card played! One buy phase added. \n");
        -:  749:
      300:  750:    if (choice1 == 1)               //choose to discard estate card
branch  0 taken 67%
branch  1 taken 33%
        -:  751:    {                               //Boolean true or going to discard an estate
      200:  752:        int p = 0;                  //Iterator for hand!v
      200:  753:        int card_not_discarded = 1; //Flag for discard set!
     2428:  754:        while (card_not_discarded)
branch  0 taken 84%
branch  1 taken 16%
        -:  755:        {
        -:  756:
        -:  757:     
        -:  758:
     1014:  759:            if (p < state->handCount[currentPlayer]) //if current deck has not been completely iterated
branch  0 taken 80%
branch  1 taken 20%
        -:  760:            {
        -:  761:
      814:  762:                if (state->hand[currentPlayer][p] == estate) // if estate card found in current hand
branch  0 taken 5%
branch  1 taken 95%
        -:  763:                {                                            // Found an estate card!
       41:  764:                    printf("Found an estate card in current hand. Discard estate card and gained 4 coints for current purchase phase! \n");
       41:  765:                    bonus = 4; //Add 4 bonus coins to the amount of coins as suggested by Adams Rosales
        -:  766:
       41:  767:                    state->discard[currentPlayer][state->discardCount[currentPlayer]] = state->hand[currentPlayer][p];
       41:  768:                    state->discardCount[currentPlayer]++;
      316:  769:                    for (; p < state->handCount[currentPlayer]; p++)
branch  0 taken 74%
branch  1 taken 26%
        -:  770:                    {
      117:  771:                        state->hand[currentPlayer][p] = state->hand[currentPlayer][p + 1];
      117:  772:                    }
       41:  773:                    state->hand[currentPlayer][state->handCount[currentPlayer]] = -1;
        -:  774:
       41:  775:                    card_not_discarded = 1; //Exit the loop
       41:  776:                }
      814:  777:            }
        -:  778:
      200:  779:            else if (p >= state->handCount[currentPlayer]) //current deck has been completely iterated
branch  0 taken 100%
branch  1 taken 0%
        -:  780:            {
      200:  781:                printf("No estate cards in your hand, invalid choice\n");
      200:  782:                printf("Will gain an estate if there are any\n");
        -:  783:                // if (DEBUG)
        -:  784:                // {
        -:  785:                //     printf("No estate cards in your hand, invalid choice\n");
        -:  786:                //     printf("Will gain an estate if there are any\n");
        -:  787:                // }
      200:  788:                if (supplyCount(estate, state) > 0) //check if supply has estate to provide to player
branch  0 taken 8%
branch  1 taken 92%
        -:  789:                {
       16:  790:                    gainCard(estate, state, 0, currentPlayer); //give current player an estate card
       16:  791:                    if (supplyCount(estate, state) == 0)
branch  0 taken 13%
branch  1 taken 88%
        -:  792:                    {
        2:  793:                        isGameOver(state);
        2:  794:                    }
       16:  795:                }
      200:  796:                card_not_discarded = 0; //Exit the loop
      200:  797:            }
        -:  798:
     1014:  799:            p++; //Next card
        -:  800:        }
      200:  801:    }
        -:  802:
        -:  803:    else
        -:  804:    {
      100:  805:        if (supplyCount(estate, state) > 0)
branch  0 taken 7%
branch  1 taken 93%
        -:  806:        {
        7:  807:            gainCard(estate, state, 0, currentPlayer); //Gain an estate
        -:  808:
        7:  809:            if (supplyCount(estate, state) == 0) //no more estate card
branch  0 taken 14%
branch  1 taken 86%
        -:  810:            {
        1:  811:                isGameOver(state);
        1:  812:            }
        7:  813:        }
        -:  814:    }
        -:  815:
        -:  816:    // discard card
      300:  817:    discardCard(handPos, currentPlayer, state, 0);
        -:  818:
      300:  819:    return 0;
        -:  820:}
        -:  821:
function playMinion called 200 returned 100% blocks executed 96%
        -:  822:int playMinion(int choice1, int choice2, struct gameState *state, int currentPlayer, int handPos, int bonus)
        -:  823:{
        -:  824:    int i;
        -:  825:    int j;
        -:  826:
        -:  827:    //discard card from hand
      200:  828:    discardCard(handPos, currentPlayer, state, 0);
        -:  829:
      200:  830:    if (choice1)
branch  0 taken 50%
branch  1 taken 50%
        -:  831:    {
      100:  832:        bonus = 2; //Add 2 bonus coins to the amount of coins for current buy phase
      100:  833:    }
      100:  834:    else if (choice2) //discard hand, redraw 4, other players with 5+ cards discard hand and draw 4
branch  0 taken 100%
branch  1 taken 0%
        -:  835:    {
        -:  836:        //discard hand while hand still has cards (fix referenced from Tim Palecek on Piazza)
   102182:  837:        while (numHandCards(state) > 0)
branch  0 taken 99%
branch  1 taken 1%
        -:  838:        {
    50991:  839:            discardCard(0, currentPlayer, state, 0);
        -:  840:        }
        -:  841:
        -:  842:        //draw 4
     1200:  843:        for (i = 0; i < 5; i++)
branch  0 taken 83%
branch  1 taken 17%
        -:  844:        {
      500:  845:            drawCard(currentPlayer, state);
      500:  846:        }
        -:  847:
        -:  848:        //other players discard hand and redraw if hand size > 4
      600:  849:        for (i = 0; i < state->numPlayers; i++)
branch  0 taken 67%
branch  1 taken 33%
        -:  850:        {
      200:  851:            if (i != currentPlayer)
branch  0 taken 50%
branch  1 taken 50%
        -:  852:            {
      100:  853:                if (state->handCount[i] > 4)
branch  0 taken 100%
branch  1 taken 0%
        -:  854:                {
        -:  855:                    //discard hand while hand still has cards (fix referenced from Tim Palecek on Piazza)
     1200:  856:                    while (state->handCount[i] > 0)
branch  0 taken 83%
branch  1 taken 17%
        -:  857:                    {
      500:  858:                        discardCard(0, i, state, 0);
        -:  859:                    }
        -:  860:
        -:  861:                    //draw 4
     1000:  862:                    for (j = 0; j < 4; j++)
branch  0 taken 80%
branch  1 taken 20%
        -:  863:                    {
      400:  864:                        drawCard(i, state);
      400:  865:                    }
      100:  866:                }
      100:  867:            }
      200:  868:        }
      100:  869:    }
        -:  870:
        -:  871:    else //referenced from Piazza suggestion from Tim Palecek
        -:  872:    {
    #####:  873:        printf("Invalid choice made. Please input choice 1 to gain 2 coins or choice 2 to discard hand and redraw.\n");
        -:  874:    }
        -:  875:
      200:  876:    return 0;
        -:  877:}
        -:  878:
function playAmbassador called 0 returned 0% blocks executed 0%
        -:  879:int playAmbassador(int choice1, int choice2, struct gameState *state, int currentPlayer, int handPos)
        -:  880:{
        -:  881:    int i;
        -:  882:    int j;
        -:  883:
    #####:  884:    j = 0; //used to check if player has enough cards to discard
        -:  885:
    #####:  886:    if (choice2 > 3 || choice2 < 0) // make sure number of cards input is valid
branch  0 never executed
branch  1 never executed
branch  2 never executed
branch  3 never executed
        -:  887:    {
    #####:  888:        return -1;
        -:  889:    }
        -:  890:
    #####:  891:    if (choice1 == handPos) //cannot reveal ambassador card
branch  0 never executed
branch  1 never executed
        -:  892:    {
    #####:  893:        return -1;
        -:  894:    }
        -:  895:
    #####:  896:    for (i = 0; i < state->handCount[currentPlayer]; i++) //check for duplicates of card chosen to be revealed
branch  0 never executed
branch  1 never executed
        -:  897:    {
    #####:  898:        if (i != handPos && state->hand[currentPlayer][i] == state->hand[currentPlayer][choice1] && i != choice1) //fix suggested by Akifumi Komori on Piazza
branch  0 never executed
branch  1 never executed
branch  2 never executed
branch  3 never executed
branch  4 never executed
branch  5 never executed
        -:  899:        {
    #####:  900:            j++;
    #####:  901:        }
    #####:  902:    }
        -:  903:
    #####:  904:    if (j < choice2 && j > 0) //make sure j is still valid despite less than choice2 inputted
branch  0 never executed
branch  1 never executed
branch  2 never executed
branch  3 never executed
        -:  905:    {
    #####:  906:        choice2 = j;
    #####:  907:    }
        -:  908:
        -:  909:    if (DEBUG)
        -:  910:        printf("Player %d reveals card number: %d\n", currentPlayer, state->hand[currentPlayer][choice1]);
        -:  911:
        -:  912:    //increase supply count for choosen card by amount being discarded
    #####:  913:    state->supplyCount[state->hand[currentPlayer][choice1]] = choice2;
        -:  914:
        -:  915:    //each other player gains a copy of revealed card
    #####:  916:    for (i = 0; i < state->numPlayers; i++)
branch  0 never executed
branch  1 never executed
        -:  917:    {
    #####:  918:        if (i != currentPlayer)
branch  0 never executed
branch  1 never executed
        -:  919:        {
    #####:  920:            gainCard(state->hand[currentPlayer][choice1], state, 0, i);
    #####:  921:        }
    #####:  922:    }
        -:  923:
        -:  924:    //discard played card from hand
    #####:  925:    discardCard(handPos, currentPlayer, state, 0);
        -:  926:
        -:  927:    //trash copies of cards returned to supply
    #####:  928:    for (j = 0; j < choice2; j++)
branch  0 never executed
branch  1 never executed
        -:  929:    {
    #####:  930:        for (i = 0; i < state->handCount[currentPlayer]; i++)
branch  0 never executed
branch  1 never executed
        -:  931:        {
    #####:  932:            if (state->hand[currentPlayer][i] == state->hand[currentPlayer][choice1])
branch  0 never executed
branch  1 never executed
        -:  933:            {
    #####:  934:                discardCard(i, currentPlayer, state, 1);
    #####:  935:                break;
        -:  936:            }
    #####:  937:        }
    #####:  938:    }
        -:  939:
    #####:  940:    return 0;
    #####:  941:}
        -:  942:
function playTribute called 400 returned 100% blocks executed 80%
        -:  943:int playTribute(struct gameState *state, int currentPlayer, int handPos, int tributeRevealedCards[2], int nextPlayer, int bonus)
        -:  944:{
        -:  945:    int i;
        -:  946:
      400:  947:    if ((state->discardCount[nextPlayer] + state->deckCount[nextPlayer]) <= 1)
branch  0 taken 50%
branch  1 taken 50%
        -:  948:    {
        -:  949:
      200:  950:        if (state->deckCount[nextPlayer] > 0) // partially referenced from Brian Terrel from Piazza
branch  0 taken 50%
branch  1 taken 50%
        -:  951:        {
      100:  952:            tributeRevealedCards[0] = state->deck[nextPlayer][state->deckCount[nextPlayer] - 1];
      100:  953:            state->discard[nextPlayer][state->discardCount[nextPlayer]] = state->deck[nextPlayer][state->deckCount[nextPlayer] - 1];
      100:  954:            state->discardCount[nextPlayer]++;
      100:  955:            int topDeck = state->deckCount[nextPlayer] - 1;
      100:  956:            discardCard(topDeck, nextPlayer, state, 0);
      100:  957:            state->deckCount[nextPlayer]--;
      100:  958:        }
        -:  959:
      100:  960:        else if (state->discardCount[nextPlayer] > 0) //only one card in the discard pile
branch  0 taken 0%
branch  1 taken 100%
        -:  961:        {
    #####:  962:            tributeRevealedCards[0] = state->discard[nextPlayer][state->discardCount[nextPlayer] - 1];
        -:  963:
        -:  964:            //removed decrement as discussed by Brian on Piazza
    #####:  965:        }
        -:  966:        else
        -:  967:        {
        -:  968:            //No Card to Reveal
        -:  969:            if (DEBUG)
        -:  970:            {
        -:  971:                printf("No cards to reveal\n");
        -:  972:            }
        -:  973:        }
      200:  974:    }
        -:  975:
        -:  976:    else
        -:  977:    {
      200:  978:        if (state->deckCount[nextPlayer] == 0)
branch  0 taken 0%
branch  1 taken 100%
        -:  979:        {
    #####:  980:            for (i = 0; i < state->discardCount[nextPlayer]; i++)
branch  0 never executed
branch  1 never executed
        -:  981:            {
    #####:  982:                state->deck[nextPlayer][i] = state->discard[nextPlayer][i]; //Move to deck
    #####:  983:                state->deckCount[nextPlayer]++;
    #####:  984:                state->discard[nextPlayer][i] = -1;
    #####:  985:                state->discardCount[nextPlayer]--;
    #####:  986:            }
        -:  987:
    #####:  988:            shuffle(nextPlayer, state); //Shuffle the deck
    #####:  989:        }
        -:  990:
        -:  991:        // as suggested by Brian Terrel on Piazza to ensure card is discarded properly once revealed and added follow-up changes
        -:  992:        // suggested by Chung Weng
        -:  993:
      200:  994:        tributeRevealedCards[0] = state->deck[nextPlayer][state->deckCount[nextPlayer] - 1];
      200:  995:        state->discard[nextPlayer][state->discardCount[nextPlayer]] = state->deck[nextPlayer][state->deckCount[nextPlayer] - 1];
      200:  996:        state->discardCount[nextPlayer]++;
      200:  997:        state->deck[nextPlayer][state->deckCount[nextPlayer]--] = -1;
      200:  998:        state->deckCount[nextPlayer]--;
        -:  999:
      200: 1000:        tributeRevealedCards[1] = state->deck[nextPlayer][state->deckCount[nextPlayer] - 1];
      200: 1001:        state->discard[nextPlayer][state->discardCount[nextPlayer]] = state->deck[nextPlayer][state->deckCount[nextPlayer] - 1];
      200: 1002:        state->discardCount[nextPlayer]++;
      200: 1003:        state->deck[nextPlayer][state->deckCount[nextPlayer]--] = -1;
      200: 1004:        state->deckCount[nextPlayer]--;
        -: 1005:    }
        -: 1006:
      400: 1007:    if (tributeRevealedCards[0] == tributeRevealedCards[1])
branch  0 taken 0%
branch  1 taken 100%
        -: 1008:    { //If we have a duplicate card, just drop one
    #####: 1009:        state->playedCards[state->playedCardCount] = tributeRevealedCards[1];
    #####: 1010:        state->playedCardCount++;
    #####: 1011:        tributeRevealedCards[1] = -1;
    #####: 1012:    }
        -: 1013:
     2400: 1014:    for (i = 0; i < 2; i++)
branch  0 taken 67%
branch  1 taken 33%
        -: 1015:    {
     2200: 1016:        if (tributeRevealedCards[i] == copper || tributeRevealedCards[i] == silver || tributeRevealedCards[i] == gold)
branch  0 taken 88%
branch  1 taken 13%
branch  2 taken 100%
branch  3 taken 0%
branch  4 taken 0%
branch  5 taken 100%
        -: 1017:        { //Treasure cards
      100: 1018:            bonus = 3;
      100: 1019:        }
        -: 1020:
     1900: 1021:        else if (tributeRevealedCards[i] == estate || tributeRevealedCards[i] == duchy || tributeRevealedCards[i] == province || tributeRevealedCards[i] == gardens || tributeRevealedCards[i] == great_hall)
branch  0 taken 43%
branch  1 taken 57%
branch  2 taken 100%
branch  3 taken 0%
branch  4 taken 100%
branch  5 taken 0%
branch  6 taken 100%
branch  7 taken 0%
branch  8 taken 0%
branch  9 taken 100%
        -: 1022:        { //Victory Card Found
      400: 1023:            drawCard(currentPlayer, state);
      400: 1024:            drawCard(currentPlayer, state);
      400: 1025:        }
        -: 1026:        else
        -: 1027:        { //Action Card
      300: 1028:            state->numActions = 2;
        -: 1029:        }
      800: 1030:    }
        -: 1031:
      400: 1032:    discardCard(handPos, currentPlayer, state, 0); // to make sure card is discarded after use as suggested by Robert Saraceno on Piazza
        -: 1033:
      400: 1034:    return 0;
        -: 1035:}
        -: 1036:
function playMine called 0 returned 0% blocks executed 0%
        -: 1037:int playMine(int choice1, int choice2, struct gameState *state, int currentPlayer, int handPos)
        -: 1038:{
        -: 1039:    // int i;
        -: 1040:    int j;
        -: 1041:
    #####: 1042:    j = state->hand[currentPlayer][choice1]; //store card we will trash
        -: 1043:
    #####: 1044:    if (state->hand[currentPlayer][choice1] < copper || state->hand[currentPlayer][choice1] > gold)
branch  0 never executed
branch  1 never executed
branch  2 never executed
branch  3 never executed
        -: 1045:    {
    #####: 1046:        return -1;
        -: 1047:    }
        -: 1048:
    #####: 1049:    if (choice2 > gold || choice2 < copper) //change suggested by Matthew Dienhart to ensure only treasure cards are valid
branch  0 never executed
branch  1 never executed
branch  2 never executed
branch  3 never executed
        -: 1050:    {
    #####: 1051:        return -1;
        -: 1052:    }
        -: 1053:
    #####: 1054:    gainCard(choice2, state, 2, currentPlayer);
        -: 1055:
        -: 1056:    //discard card from hand
    #####: 1057:    discardCard(handPos, currentPlayer, state, 0);
        -: 1058:
        -: 1059:    //discard trashed card
        -: 1060:
    #####: 1061:    return 0;
    #####: 1062:}
        -: 1063:
function cardEffect called 0 returned 0% blocks executed 0%
        -: 1064:int cardEffect(int card, int choice1, int choice2, int choice3, struct gameState *state, int handPos, int *bonus)
        -: 1065:{
        -: 1066:    int i;
        -: 1067:    int j;
        -: 1068:    int k;
        -: 1069:    int x;
        -: 1070:    int index;
    #####: 1071:    int currentPlayer = whoseTurn(state);
    #####: 1072:    int nextPlayer = currentPlayer + 1;
        -: 1073:
    #####: 1074:    int tributeRevealedCards[2] = {-1, -1};
        -: 1075:    int temphand[MAX_HAND]; // moved above the if statement
    #####: 1076:    int drawntreasure = 0;
        -: 1077:    int cardDrawn;
    #####: 1078:    int z = 0; // this is the counter for the temp hand
    #####: 1079:    if (nextPlayer > (state->numPlayers - 1))
branch  0 never executed
branch  1 never executed
        -: 1080:    {
    #####: 1081:        nextPlayer = 0;
    #####: 1082:    }
        -: 1083:
        -: 1084:    //uses switch to select card and perform actions
    #####: 1085:    switch (card)
branch  0 never executed
branch  1 never executed
branch  2 never executed
branch  3 never executed
branch  4 never executed
branch  5 never executed
branch  6 never executed
branch  7 never executed
branch  8 never executed
branch  9 never executed
branch 10 never executed
branch 11 never executed
branch 12 never executed
branch 13 never executed
branch 14 never executed
branch 15 never executed
branch 16 never executed
branch 17 never executed
branch 18 never executed
branch 19 never executed
branch 20 never executed
        -: 1086:    {
        -: 1087:    case adventurer:
    #####: 1088:        while (drawntreasure < 2)
branch  0 never executed
branch  1 never executed
        -: 1089:        {
    #####: 1090:            if (state->deckCount[currentPlayer] < 1)
branch  0 never executed
branch  1 never executed
        -: 1091:            { //if the deck is empty we need to shuffle discard and add to deck
    #####: 1092:                shuffle(currentPlayer, state);
    #####: 1093:            }
    #####: 1094:            drawCard(currentPlayer, state);
    #####: 1095:            cardDrawn = state->hand[currentPlayer][state->handCount[currentPlayer] - 1]; //top card of hand is most recently drawn card.
    #####: 1096:            if (cardDrawn == copper || cardDrawn == silver || cardDrawn == gold)
branch  0 never executed
branch  1 never executed
branch  2 never executed
branch  3 never executed
branch  4 never executed
branch  5 never executed
    #####: 1097:                drawntreasure++;
        -: 1098:            else
        -: 1099:            {
    #####: 1100:                temphand[z] = cardDrawn;
    #####: 1101:                state->handCount[currentPlayer]--; //this should just remove the top card (the most recently drawn one).
    #####: 1102:                z++;
        -: 1103:            }
        -: 1104:        }
    #####: 1105:        while (z - 1 >= 0)
branch  0 never executed
branch  1 never executed
        -: 1106:        {
    #####: 1107:            state->discard[currentPlayer][state->discardCount[currentPlayer]++] = temphand[z - 1]; // discard all cards in play that have been drawn
    #####: 1108:            z = z - 1;
        -: 1109:        }
    #####: 1110:        return 0;
        -: 1111:
        -: 1112:    case council_room:
        -: 1113:        //+4 Cards
    #####: 1114:        for (i = 0; i < 4; i++)
branch  0 never executed
branch  1 never executed
        -: 1115:        {
    #####: 1116:            drawCard(currentPlayer, state);
    #####: 1117:        }
        -: 1118:
        -: 1119:        //+1 Buy
    #####: 1120:        state->numBuys++;
        -: 1121:
        -: 1122:        //Each other player draws a card
    #####: 1123:        for (i = 0; i < state->numPlayers; i++)
branch  0 never executed
branch  1 never executed
        -: 1124:        {
    #####: 1125:            if (i != currentPlayer)
branch  0 never executed
branch  1 never executed
        -: 1126:            {
    #####: 1127:                drawCard(i, state);
    #####: 1128:            }
    #####: 1129:        }
        -: 1130:
        -: 1131:        //put played card in played card pile
    #####: 1132:        discardCard(handPos, currentPlayer, state, 0);
        -: 1133:
    #####: 1134:        return 0;
        -: 1135:
        -: 1136:    case feast:
        -: 1137:        //gain card with cost up to 5
        -: 1138:        //Backup hand
    #####: 1139:        for (i = 0; i <= state->handCount[currentPlayer]; i++)
branch  0 never executed
branch  1 never executed
        -: 1140:        {
    #####: 1141:            temphand[i] = state->hand[currentPlayer][i]; //Backup card
    #####: 1142:            state->hand[currentPlayer][i] = -1;          //Set to nothing
    #####: 1143:        }
        -: 1144:        //Backup hand
        -: 1145:
        -: 1146:        //Update Coins for Buy
        -: 1147:        // updateCoins(currentPlayer, state, 5);
    #####: 1148:        x = 1; //Condition to loop on
    #####: 1149:        while (x == 1)
branch  0 never executed
branch  1 never executed
        -: 1150:        { //Buy one card
    #####: 1151:            if (supplyCount(choice1, state) <= 0)
branch  0 never executed
branch  1 never executed
        -: 1152:            {
        -: 1153:                if (DEBUG)
        -: 1154:                    printf("None of that card left, sorry!\n");
        -: 1155:
        -: 1156:                if (DEBUG)
        -: 1157:                {
        -: 1158:                    printf("Cards Left: %d\n", supplyCount(choice1, state));
        -: 1159:                }
    #####: 1160:            }
    #####: 1161:            else if (getCost(choice1) > 5)
branch  0 never executed
branch  1 never executed
        -: 1162:            {
    #####: 1163:                printf("That card is too expensive!\n");
        -: 1164:
        -: 1165:                if (DEBUG)
        -: 1166:                {
        -: 1167:                    printf("Coins: %d < %d\n", state->coins, getCost(choice1));
        -: 1168:                }
    #####: 1169:            }
        -: 1170:            else
        -: 1171:            {
        -: 1172:
        -: 1173:                if (DEBUG)
        -: 1174:                {
        -: 1175:                    printf("Deck Count: %d\n", state->handCount[currentPlayer] + state->deckCount[currentPlayer] + state->discardCount[currentPlayer]);
        -: 1176:                }
        -: 1177:
    #####: 1178:                gainCard(choice1, state, 0, currentPlayer); //Gain the card
    #####: 1179:                x = 0;                                      //No more buying cards
        -: 1180:
        -: 1181:                if (DEBUG)
        -: 1182:                {
        -: 1183:                    printf("Deck Count: %d\n", state->handCount[currentPlayer] + state->deckCount[currentPlayer] + state->discardCount[currentPlayer]);
        -: 1184:                }
        -: 1185:            }
        -: 1186:        }
        -: 1187:
        -: 1188:        //Reset Hand
    #####: 1189:        for (i = 0; i <= state->handCount[currentPlayer]; i++)
branch  0 never executed
branch  1 never executed
        -: 1190:        {
    #####: 1191:            state->hand[currentPlayer][i] = temphand[i];
    #####: 1192:            temphand[i] = -1;
    #####: 1193:        }
        -: 1194:        //Reset Hand
        -: 1195:
    #####: 1196:        return 0;
        -: 1197:
        -: 1198:    case gardens:
    #####: 1199:        return -1;
        -: 1200:
        -: 1201:    case mine:
    #####: 1202:        return playMine(choice1, choice2, state, currentPlayer, handPos);
        -: 1203:
        -: 1204:    case remodel:
    #####: 1205:        j = state->hand[currentPlayer][choice1]; //store card we will trash
        -: 1206:
    #####: 1207:        if ((getCost(state->hand[currentPlayer][choice1]) + 2) > getCost(choice2))
branch  0 never executed
branch  1 never executed
        -: 1208:        {
    #####: 1209:            return -1;
        -: 1210:        }
        -: 1211:
    #####: 1212:        gainCard(choice2, state, 0, currentPlayer);
        -: 1213:
        -: 1214:        //discard card from hand
    #####: 1215:        discardCard(handPos, currentPlayer, state, 0);
        -: 1216:
        -: 1217:        //discard trashed card
    #####: 1218:        for (i = 0; i < state->handCount[currentPlayer]; i++)
branch  0 never executed
branch  1 never executed
        -: 1219:        {
    #####: 1220:            if (state->hand[currentPlayer][i] == j)
branch  0 never executed
branch  1 never executed
        -: 1221:            {
    #####: 1222:                discardCard(i, currentPlayer, state, 0);
    #####: 1223:                break;
        -: 1224:            }
    #####: 1225:        }
        -: 1226:
    #####: 1227:        return 0;
        -: 1228:
        -: 1229:    case smithy:
        -: 1230:        //+3 Cards
    #####: 1231:        for (i = 0; i < 3; i++)
branch  0 never executed
branch  1 never executed
        -: 1232:        {
    #####: 1233:            drawCard(currentPlayer, state);
    #####: 1234:        }
        -: 1235:
        -: 1236:        //discard card from hand
    #####: 1237:        discardCard(handPos, currentPlayer, state, 0);
    #####: 1238:        return 0;
        -: 1239:
        -: 1240:    case village:
        -: 1241:        //+1 Card
    #####: 1242:        drawCard(currentPlayer, state);
        -: 1243:
        -: 1244:        //+2 Actions
    #####: 1245:        state->numActions = state->numActions + 2;
        -: 1246:
        -: 1247:        //discard played card from hand
    #####: 1248:        discardCard(handPos, currentPlayer, state, 0);
    #####: 1249:        return 0;
        -: 1250:
        -: 1251:    case baron:
    #####: 1252:        return playBaron(handPos, choice1, state, currentPlayer, *bonus);
        -: 1253:
        -: 1254:    case great_hall:
        -: 1255:        //+1 Card
    #####: 1256:        drawCard(currentPlayer, state);
        -: 1257:
        -: 1258:        //+1 Actions
    #####: 1259:        state->numActions++;
        -: 1260:
        -: 1261:        //discard card from hand
    #####: 1262:        discardCard(handPos, currentPlayer, state, 0);
    #####: 1263:        return 0;
        -: 1264:
        -: 1265:    case minion:
    #####: 1266:        return playMinion(choice1, choice2, state, currentPlayer, handPos, *bonus);
        -: 1267:
        -: 1268:    case steward:
    #####: 1269:        if (choice1 == 1)
branch  0 never executed
branch  1 never executed
        -: 1270:        {
        -: 1271:            //+2 cards
    #####: 1272:            drawCard(currentPlayer, state);
    #####: 1273:            drawCard(currentPlayer, state);
    #####: 1274:        }
    #####: 1275:        else if (choice1 == 2)
branch  0 never executed
branch  1 never executed
        -: 1276:        {
        -: 1277:            //+2 coins
    #####: 1278:            state->coins = state->coins + 2;
    #####: 1279:        }
        -: 1280:        else
        -: 1281:        {
        -: 1282:            //trash 2 cards in hand
    #####: 1283:            discardCard(choice2, currentPlayer, state, 1);
    #####: 1284:            discardCard(choice3, currentPlayer, state, 1);
        -: 1285:        }
        -: 1286:
        -: 1287:        //discard card from hand
    #####: 1288:        discardCard(handPos, currentPlayer, state, 0);
    #####: 1289:        return 0;
        -: 1290:
        -: 1291:    case tribute:
    #####: 1292:        return playTribute(state, currentPlayer, handPos, &tributeRevealedCards[2], nextPlayer, *bonus);
        -: 1293:
        -: 1294:    case ambassador:
    #####: 1295:        return playAmbassador(choice1, choice2, state, currentPlayer, handPos);
        -: 1296:
        -: 1297:    case cutpurse:
        -: 1298:
    #####: 1299:        updateCoins(currentPlayer, state, 2);
    #####: 1300:        for (i = 0; i < state->numPlayers; i++)
branch  0 never executed
branch  1 never executed
        -: 1301:        {
    #####: 1302:            if (i != currentPlayer)
branch  0 never executed
branch  1 never executed
        -: 1303:            {
    #####: 1304:                for (j = 0; j < state->handCount[i]; j++)
branch  0 never executed
branch  1 never executed
        -: 1305:                {
    #####: 1306:                    if (state->hand[i][j] == copper)
branch  0 never executed
branch  1 never executed
        -: 1307:                    {
    #####: 1308:                        discardCard(j, i, state, 0);
    #####: 1309:                        break;
        -: 1310:                    }
    #####: 1311:                    if (j == state->handCount[i])
branch  0 never executed
branch  1 never executed
        -: 1312:                    {
    #####: 1313:                        for (k = 0; k < state->handCount[i]; k++)
branch  0 never executed
branch  1 never executed
        -: 1314:                        {
        -: 1315:                            if (DEBUG)
        -: 1316:                                printf("Player %d reveals card number %d\n", i, state->hand[i][k]);
    #####: 1317:                        }
    #####: 1318:                        break;
        -: 1319:                    }
    #####: 1320:                }
    #####: 1321:            }
    #####: 1322:        }
        -: 1323:
        -: 1324:        //discard played card from hand
    #####: 1325:        discardCard(handPos, currentPlayer, state, 0);
        -: 1326:
    #####: 1327:        return 0;
        -: 1328:
        -: 1329:    case embargo:
        -: 1330:        //+2 Coins
    #####: 1331:        state->coins = state->coins + 2;
        -: 1332:
        -: 1333:        //see if selected pile is in play
    #####: 1334:        if (state->supplyCount[choice1] == -1)
branch  0 never executed
branch  1 never executed
        -: 1335:        {
    #####: 1336:            return -1;
        -: 1337:        }
        -: 1338:
        -: 1339:        //add embargo token to selected supply pile
    #####: 1340:        state->embargoTokens[choice1]++;
        -: 1341:
        -: 1342:        //trash card
    #####: 1343:        discardCard(handPos, currentPlayer, state, 1);
    #####: 1344:        return 0;
        -: 1345:
        -: 1346:    case outpost:
        -: 1347:        //set outpost flag
    #####: 1348:        state->outpostPlayed++;
        -: 1349:
        -: 1350:        //discard card
    #####: 1351:        discardCard(handPos, currentPlayer, state, 0);
    #####: 1352:        return 0;
        -: 1353:
        -: 1354:    case salvager:
        -: 1355:        //+1 buy
    #####: 1356:        state->numBuys++;
        -: 1357:
    #####: 1358:        if (choice1)
branch  0 never executed
branch  1 never executed
        -: 1359:        {
        -: 1360:            //gain coins equal to trashed card
    #####: 1361:            state->coins = state->coins + getCost(handCard(choice1, state));
        -: 1362:            //trash card
    #####: 1363:            discardCard(choice1, currentPlayer, state, 1);
    #####: 1364:        }
        -: 1365:
        -: 1366:        //discard card
    #####: 1367:        discardCard(handPos, currentPlayer, state, 0);
    #####: 1368:        return 0;
        -: 1369:
        -: 1370:    case sea_hag:
    #####: 1371:        for (i = 0; i < state->numPlayers; i++)
branch  0 never executed
branch  1 never executed
        -: 1372:        {
    #####: 1373:            if (i != currentPlayer)
branch  0 never executed
branch  1 never executed
        -: 1374:            {
    #####: 1375:                state->discard[i][state->discardCount[i]] = state->deck[i][state->deckCount[i]--];
    #####: 1376:                state->deckCount[i]--;
    #####: 1377:                state->discardCount[i]++;
    #####: 1378:                state->deck[i][state->deckCount[i]--] = curse; //Top card now a curse
    #####: 1379:            }
    #####: 1380:        }
    #####: 1381:        return 0;
        -: 1382:
        -: 1383:    case treasure_map:
        -: 1384:        //search hand for another treasure_map
    #####: 1385:        index = -1;
    #####: 1386:        for (i = 0; i < state->handCount[currentPlayer]; i++)
branch  0 never executed
branch  1 never executed
        -: 1387:        {
    #####: 1388:            if (state->hand[currentPlayer][i] == treasure_map && i != handPos)
branch  0 never executed
branch  1 never executed
branch  2 never executed
branch  3 never executed
        -: 1389:            {
    #####: 1390:                index = i;
    #####: 1391:                break;
        -: 1392:            }
    #####: 1393:        }
    #####: 1394:        if (index > -1)
branch  0 never executed
branch  1 never executed
        -: 1395:        {
        -: 1396:            //trash both treasure cards
    #####: 1397:            discardCard(handPos, currentPlayer, state, 1);
    #####: 1398:            discardCard(index, currentPlayer, state, 1);
        -: 1399:
        -: 1400:            //gain 4 Gold cards
    #####: 1401:            for (i = 0; i < 4; i++)
branch  0 never executed
branch  1 never executed
        -: 1402:            {
    #####: 1403:                gainCard(gold, state, 1, currentPlayer);
    #####: 1404:            }
        -: 1405:
        -: 1406:            //return success
    #####: 1407:            return 1;
        -: 1408:        }
        -: 1409:
        -: 1410:        //no second treasure_map found in hand
    #####: 1411:        return -1;
        -: 1412:    }
        -: 1413:
    #####: 1414:    return -1;
    #####: 1415:}
        -: 1416:
function discardCard called 52491 returned 100% blocks executed 91%
        -: 1417:int discardCard(int handPos, int currentPlayer, struct gameState *state, int trashFlag)
        -: 1418:{
        -: 1419:
        -: 1420:    //refernced from Piazza post "Game Logic Flaw: Where is the trash pile?" by Kitch McKaen Kelly
        -: 1421:    //if card is not trashed, added to Played pile
    52491: 1422:    if (trashFlag == 0)
branch  0 taken 100%
branch  1 taken 0%
        -: 1423:    {
        -: 1424:        //add card to played pile
        -: 1425:
    52491: 1426:        state->discard[currentPlayer][state->discardCount[currentPlayer]] = state->hand[currentPlayer][handPos];
    52491: 1427:        state->discardCount[currentPlayer]++;
    52491: 1428:    }
        -: 1429:
        -: 1430:    //if trash flag is set, added to thrash pile
        -: 1431:    else
        -: 1432:    {
        -: 1433:        //add card to trash pile
    #####: 1434:        state->thrashPile[state->thrashPileCount] = state->hand[currentPlayer][handPos];
    #####: 1435:        state->thrashPileCount++;
        -: 1436:    }
        -: 1437:
        -: 1438:    //set played card to -1
    52491: 1439:    state->hand[currentPlayer][handPos] = -1;
        -: 1440:
        -: 1441:    //if discarded card is not the last card in the player's hand or the only card in the player's hand -> move cards up to fill gap
   104755: 1442:    if ((handPos != (state->handCount[currentPlayer] - 1)) && (state->handCount[currentPlayer] != 1))
branch  0 taken 99%
branch  1 taken 1%
branch  2 taken 100%
branch  3 taken 0%
        -: 1443:    {
        -: 1444:        //need to maintain hand order -> set hand[p] = hand[p+1]
   120080: 1445:        for (int p = handPos; p < state->handCount[currentPlayer]; p++)
branch  0 taken 13%
branch  1 taken 87%
        -: 1446:        {
     7776: 1447:            state->hand[currentPlayer][p] = state->hand[currentPlayer][p + 1];
     7776: 1448:        }
    52264: 1449:        state->hand[currentPlayer][state->handCount[currentPlayer]] = -1;
    52264: 1450:    }
        -: 1451:
        -: 1452:    //reduce number of cards in hand
    52491: 1453:    state->handCount[currentPlayer]--;
        -: 1454:
    52491: 1455:    return 0;
        -: 1456:}
        -: 1457:
function gainCard called 23 returned 100% blocks executed 72%
        -: 1458:int gainCard(int supplyPos, struct gameState *state, int toFlag, int player)
        -: 1459:{
        -: 1460:    //Note: supplyPos is enum of choosen card
        -: 1461:
        -: 1462:    //check if supply pile is empty (0) or card is not used in game (-1)
       23: 1463:    if (supplyCount(supplyPos, state) < 1)
branch  0 taken 0%
branch  1 taken 100%
        -: 1464:    {
    #####: 1465:        return -1;
        -: 1466:    }
        -: 1467:
        -: 1468:    //added card for [whoseTurn] current player:
        -: 1469:    // toFlag = 0 : add to discard
        -: 1470:    // toFlag = 1 : add to deck
        -: 1471:    // toFlag = 2 : add to hand
        -: 1472:
       23: 1473:    if (toFlag == 1)
branch  0 taken 0%
branch  1 taken 100%
        -: 1474:    {
    #####: 1475:        state->deck[player][state->deckCount[player]] = supplyPos;
    #####: 1476:        state->deckCount[player]++;
    #####: 1477:    }
       23: 1478:    else if (toFlag == 2)
branch  0 taken 0%
branch  1 taken 100%
        -: 1479:    {
    #####: 1480:        state->hand[player][state->handCount[player]] = supplyPos;
    #####: 1481:        state->handCount[player]++;
    #####: 1482:    }
        -: 1483:    else
        -: 1484:    {
       23: 1485:        state->discard[player][state->discardCount[player]] = supplyPos;
       23: 1486:        state->discardCount[player]++;
        -: 1487:    }
        -: 1488:
        -: 1489:    //decrease number in supply pile
       23: 1490:    state->supplyCount[supplyPos]--;
        -: 1491:
       23: 1492:    return 0;
       23: 1493:}
        -: 1494:
function updateCoins called 102 returned 100% blocks executed 85%
        -: 1495:int updateCoins(int player, struct gameState *state, int bonus)
        -: 1496:{
        -: 1497:    int i;
        -: 1498:
        -: 1499:    //reset coin count
      102: 1500:    state->coins = 0;
        -: 1501:
        -: 1502:    //add coins for each Treasure card in player's hand
     1224: 1503:    for (i = 0; i < state->handCount[player]; i++)
branch  0 taken 83%
branch  1 taken 17%
        -: 1504:    {
      510: 1505:        if (state->hand[player][i] == copper)
branch  0 taken 80%
branch  1 taken 20%
        -: 1506:        {
      408: 1507:            state->coins += 1;
      408: 1508:        }
      102: 1509:        else if (state->hand[player][i] == silver)
branch  0 taken 0%
branch  1 taken 100%
        -: 1510:        {
    #####: 1511:            state->coins += 2;
    #####: 1512:        }
      102: 1513:        else if (state->hand[player][i] == gold)
branch  0 taken 0%
branch  1 taken 100%
        -: 1514:        {
    #####: 1515:            state->coins += 3;
    #####: 1516:        }
      510: 1517:    }
        -: 1518:
        -: 1519:    //add bonus
      102: 1520:    state->coins += bonus;
        -: 1521:
        -: 1522:    //reset to 0 once added to current state
      102: 1523:    bonus = 0;
        -: 1524:
      102: 1525:    return 0;
        -: 1526:}
        -: 1527:
        -: 1528://end of dominion.c
